0 info it worked if it ends with ok
1 verbose cli [ '/home/ubuntu/.nvm/versions/node/v4.6.1/bin/node',
1 verbose cli   '/home/ubuntu/.nvm/versions/node/v4.6.1/bin/npm',
1 verbose cli   'install',
1 verbose cli   'bower_components',
1 verbose cli   '--save' ]
2 info using npm@2.15.9
3 info using node@v4.6.1
4 verbose install initial load of /home/ubuntu/workspace/package.json
5 warn package.json th-canvas@0.0.0 No repository field.
6 warn package.json th-canvas@0.0.0 No license field.
7 verbose installManyTop reading scoped package data from /home/ubuntu/workspace/node_modules/async/package.json
8 verbose installManyTop reading scoped package data from /home/ubuntu/workspace/node_modules/body-parser/package.json
9 verbose installManyTop reading scoped package data from /home/ubuntu/workspace/node_modules/bower/package.json
10 verbose installManyTop reading scoped package data from /home/ubuntu/workspace/node_modules/cookie-parser/package.json
11 verbose installManyTop reading scoped package data from /home/ubuntu/workspace/node_modules/express/package.json
12 verbose installManyTop reading scoped package data from /home/ubuntu/workspace/node_modules/express-session/package.json
13 verbose installManyTop reading scoped package data from /home/ubuntu/workspace/node_modules/path/package.json
14 verbose installManyTop reading scoped package data from /home/ubuntu/workspace/node_modules/request/package.json
15 verbose installManyTop reading scoped package data from /home/ubuntu/workspace/node_modules/socket.io/package.json
16 info package.json async@0.2.10 No license field.
17 info package.json express@3.2.6 No license field.
18 info package.json path@0.12.7 path is also the name of a node core module.
19 info package.json socket.io@0.9.17 No license field.
20 verbose readDependencies loading dependencies from /home/ubuntu/workspace/package.json
21 silly cache add args [ 'bower_components', null ]
22 verbose cache add spec bower_components
23 silly cache add parsed spec Result {
23 silly cache add   raw: 'bower_components',
23 silly cache add   scope: null,
23 silly cache add   name: 'bower_components',
23 silly cache add   rawSpec: '',
23 silly cache add   spec: 'latest',
23 silly cache add   type: 'tag' }
24 silly addNamed bower_components@latest
25 verbose addNamed "latest" is being treated as a dist-tag for bower_components
26 info addNameTag [ 'bower_components', 'latest' ]
27 silly mapToRegistry name bower_components
28 silly mapToRegistry using default registry
29 silly mapToRegistry registry https://registry.npmjs.org/
30 silly mapToRegistry data Result {
30 silly mapToRegistry   raw: 'bower_components',
30 silly mapToRegistry   scope: null,
30 silly mapToRegistry   name: 'bower_components',
30 silly mapToRegistry   rawSpec: '',
30 silly mapToRegistry   spec: 'latest',
30 silly mapToRegistry   type: 'tag' }
31 silly mapToRegistry uri https://registry.npmjs.org/bower_components
32 verbose addNameTag registry:https://registry.npmjs.org/bower_components not in flight; fetching
33 verbose request uri https://registry.npmjs.org/bower_components
34 verbose request no auth needed
35 info attempt registry request try #1 at 8:00:47 AM
36 verbose request id 13e42516310933fa
37 http request GET https://registry.npmjs.org/bower_components
38 http 404 https://registry.npmjs.org/bower_components
39 verbose headers { 'content-type': 'application/json',
39 verbose headers   'cache-control': 'max-age=0',
39 verbose headers   'content-length': '2',
39 verbose headers   'accept-ranges': 'bytes',
39 verbose headers   date: 'Fri, 20 Jan 2017 08:00:47 GMT',
39 verbose headers   via: '1.1 varnish',
39 verbose headers   age: '0',
39 verbose headers   connection: 'keep-alive',
39 verbose headers   'x-served-by': 'cache-ord1722-ORD',
39 verbose headers   'x-cache': 'MISS',
39 verbose headers   'x-cache-hits': '0',
39 verbose headers   'x-timer': 'S1484899247.122630,VS0,VE152',
39 verbose headers   vary: 'Accept-Encoding' }
40 silly get cb [ 404,
40 silly get   { 'content-type': 'application/json',
40 silly get     'cache-control': 'max-age=0',
40 silly get     'content-length': '2',
40 silly get     'accept-ranges': 'bytes',
40 silly get     date: 'Fri, 20 Jan 2017 08:00:47 GMT',
40 silly get     via: '1.1 varnish',
40 silly get     age: '0',
40 silly get     connection: 'keep-alive',
40 silly get     'x-served-by': 'cache-ord1722-ORD',
40 silly get     'x-cache': 'MISS',
40 silly get     'x-cache-hits': '0',
40 silly get     'x-timer': 'S1484899247.122630,VS0,VE152',
40 silly get     vary: 'Accept-Encoding' } ]
41 verbose stack Error: Registry returned 404 for GET on https://registry.npmjs.org/bower_components
41 verbose stack     at makeError (/home/ubuntu/.nvm/versions/node/v4.6.1/lib/node_modules/npm/node_modules/npm-registry-client/lib/request.js:264:12)
41 verbose stack     at CachingRegistryClient.<anonymous> (/home/ubuntu/.nvm/versions/node/v4.6.1/lib/node_modules/npm/node_modules/npm-registry-client/lib/request.js:242:14)
41 verbose stack     at Request._callback (/home/ubuntu/.nvm/versions/node/v4.6.1/lib/node_modules/npm/node_modules/npm-registry-client/lib/request.js:172:14)
41 verbose stack     at Request.self.callback (/home/ubuntu/.nvm/versions/node/v4.6.1/lib/node_modules/npm/node_modules/request/request.js:200:22)
41 verbose stack     at emitTwo (events.js:87:13)
41 verbose stack     at Request.emit (events.js:172:7)
41 verbose stack     at Request.<anonymous> (/home/ubuntu/.nvm/versions/node/v4.6.1/lib/node_modules/npm/node_modules/request/request.js:1067:10)
41 verbose stack     at emitOne (events.js:82:20)
41 verbose stack     at Request.emit (events.js:169:7)
41 verbose stack     at IncomingMessage.<anonymous> (/home/ubuntu/.nvm/versions/node/v4.6.1/lib/node_modules/npm/node_modules/request/request.js:988:12)
42 verbose statusCode 404
43 verbose pkgid bower_components
44 verbose cwd /home/ubuntu/workspace
45 error Linux 4.2.0-c9
46 error argv "/home/ubuntu/.nvm/versions/node/v4.6.1/bin/node" "/home/ubuntu/.nvm/versions/node/v4.6.1/bin/npm" "install" "bower_components" "--save"
47 error node v4.6.1
48 error npm  v2.15.9
49 error code E404
50 error 404 Registry returned 404 for GET on https://registry.npmjs.org/bower_components
50 error 404
50 error 404 'bower_components' is not in the npm registry.
50 error 404 You should bug the author to publish it (or use the name yourself!)
50 error 404 It was specified as a dependency of 'th-canvas'
50 error 404
50 error 404 Note that you can also install from a
50 error 404 tarball, folder, http url, or git url.
51 verbose exit [ 1, true ]
